c:\uni\3rd\data structures project\project\project\x64\debug\vc143.pdb
c:\uni\3rd\data structures project\project\project\x64\debug\vc143.idb
c:\uni\3rd\data structures project\project\project\x64\debug\main.obj
c:\uni\3rd\data structures project\project\project\x64\debug\level3.obj
c:\uni\3rd\data structures project\project\project\x64\debug\level2.obj
c:\uni\3rd\data structures project\project\project\x64\debug\level1.obj
c:\uni\3rd\data structures project\project\x64\debug\project.pdb
c:\uni\3rd\data structures project\project\project\x64\debug\project.tlog\cl.command.1.tlog
c:\uni\3rd\data structures project\project\project\x64\debug\project.tlog\cl.read.1.tlog
c:\uni\3rd\data structures project\project\project\x64\debug\project.tlog\cl.write.1.tlog
c:\uni\3rd\data structures project\project\project\x64\debug\project.tlog\link-cvtres.read.1.tlog
c:\uni\3rd\data structures project\project\project\x64\debug\project.tlog\link-cvtres.write.1.tlog
c:\uni\3rd\data structures project\project\project\x64\debug\project.tlog\link-rc.read.1.tlog
c:\uni\3rd\data structures project\project\project\x64\debug\project.tlog\link-rc.write.1.tlog
c:\uni\3rd\data structures project\project\project\x64\debug\project.tlog\link.command.1.tlog
c:\uni\3rd\data structures project\project\project\x64\debug\project.tlog\link.read.1.tlog
c:\uni\3rd\data structures project\project\project\x64\debug\project.tlog\link.read.2.tlog
c:\uni\3rd\data structures project\project\project\x64\debug\project.tlog\link.read.3.tlog
c:\uni\3rd\data structures project\project\project\x64\debug\project.tlog\link.read.4.tlog
c:\uni\3rd\data structures project\project\project\x64\debug\project.tlog\link.write.1.tlog
